<?xml version="1.0" encoding="UTF-8"?>
<testsuite xmlns:xsi="http://www.w3.org/2001/XMLSchema-instance" xsi:noNamespaceSchemaLocation="https://maven.apache.org/surefire/maven-surefire-plugin/xsd/surefire-test-report-3.0.xsd" version="3.0" name="com.jdbc.TodoApplicationTests" time="6.118" tests="1" errors="0" skipped="0" failures="0">
  <properties>
[...]
</properties>
  <testcase name="contextLoads" classname="com.jdbc.TodoApplicationTests" time="1.719">
    <system-out><![CDATA[22:04:16.086 [main] INFO org.springframework.test.context.support.AnnotationConfigContextLoaderUtils -- Could not detect default configuration classes for test class [com.jdbc.TodoApplicationTests]: TodoApplicationTests does not declare any static, non-private, non-final, nested classes annotated with @Configuration.
22:04:16.224 [main] INFO org.springframework.boot.test.context.SpringBootTestContextBootstrapper -- Found @SpringBootConfiguration com.jdbc.TodoApplication for test class com.jdbc.TodoApplicationTests
22:04:16.567 [main] INFO org.springframework.boot.devtools.restart.RestartApplicationListener -- Restart disabled due to context in which it is running
  .   ____          _            __ _ _
 /\\ / ___'_ __ _ _(_)_ __  __ _ \ \ \ \
( ( )\___ | '_ | '_| | '_ \/ _` | \ \ \ \
 \\/  ___)| |_)| | | | | || (_| |  ) ) ) )
  '  |____| .__|_| |_|_| |_\__, | / / / /
 =========|_|==============|___/=/_/_/_/

 :: Spring Boot ::                (v3.3.0)

2024-06-18T22:04:16.941+05:30  INFO 11376 --- [Todo-Application] [           main] com.jdbc.TodoApplicationTests            : Starting TodoApplicationTests using Java 17.0.7 with PID 11376 (started by USER in E:\SpringBoot\Todo-Application)
2024-06-18T22:04:16.944+05:30  INFO 11376 --- [Todo-Application] [           main] com.jdbc.TodoApplicationTests            : No active profile set, falling back to 1 default profile: "default"
2024-06-18T22:04:17.871+05:30  INFO 11376 --- [Todo-Application] [           main] .s.d.r.c.RepositoryConfigurationDelegate : Bootstrapping Spring Data MongoDB repositories in DEFAULT mode.
2024-06-18T22:04:17.945+05:30  INFO 11376 --- [Todo-Application] [           main] .s.d.r.c.RepositoryConfigurationDelegate : Finished Spring Data repository scanning in 68 ms. Found 2 MongoDB repository interfaces.
2024-06-18T22:04:19.048+05:30  INFO 11376 --- [Todo-Application] [           main] org.mongodb.driver.client                : MongoClient with metadata {"application": {"name": "Cluster0"}, "driver": {"name": "mongo-java-driver|sync|spring-boot", "version": "5.0.1"}, "os": {"type": "Windows", "name": "Windows 11", "architecture": "amd64", "version": "10.0"}, "platform": "Java/Eclipse Adoptium/17.0.7+7"} created with settings MongoClientSettings{readPreference=primary, writeConcern=WriteConcern{w=majority, wTimeout=null ms, journal=null}, retryWrites=true, retryReads=true, readConcern=ReadConcern{level=null}, credential=MongoCredential{mechanism=null, userName='sharmagovind0489', source='admin', password=<hidden>, mechanismProperties=<hidden>}, transportSettings=null, commandListeners=[], codecRegistry=ProvidersCodecRegistry{codecProviders=[ValueCodecProvider{}, BsonValueCodecProvider{}, DBRefCodecProvider{}, DBObjectCodecProvider{}, DocumentCodecProvider{}, CollectionCodecProvider{}, IterableCodecProvider{}, MapCodecProvider{}, GeoJsonCodecProvider{}, GridFSFileCodecProvider{}, Jsr310CodecProvider{}, JsonObjectCodecProvider{}, BsonCodecProvider{}, EnumCodecProvider{}, com.mongodb.client.model.mql.ExpressionCodecProvider@603cabc4, com.mongodb.Jep395RecordCodecProvider@67fa5045, com.mongodb.KotlinCodecProvider@6f347d7]}, loggerSettings=LoggerSettings{maxDocumentLength=1000}, clusterSettings={hosts=[127.0.0.1:27017], srvHost=cluster0.pljqsy0.mongodb.net, srvServiceName=mongodb, mode=MULTIPLE, requiredClusterType=REPLICA_SET, requiredReplicaSetName='atlas-fer2en-shard-0', serverSelector='null', clusterListeners='[]', serverSelectionTimeout='30000 ms', localThreshold='15 ms'}, socketSettings=SocketSettings{connectTimeoutMS=10000, readTimeoutMS=0, receiveBufferSize=0, proxySettings=ProxySettings{host=null, port=null, username=null, password=null}}, heartbeatSocketSettings=SocketSettings{connectTimeoutMS=10000, readTimeoutMS=10000, receiveBufferSize=0, proxySettings=ProxySettings{host=null, port=null, username=null, password=null}}, connectionPoolSettings=ConnectionPoolSettings{maxSize=100, minSize=0, maxWaitTimeMS=120000, maxConnectionLifeTimeMS=0, maxConnectionIdleTimeMS=0, maintenanceInitialDelayMS=0, maintenanceFrequencyMS=60000, connectionPoolListeners=[], maxConnecting=2}, serverSettings=ServerSettings{heartbeatFrequencyMS=10000, minHeartbeatFrequencyMS=500, serverListeners='[]', serverMonitorListeners='[]'}, sslSettings=SslSettings{enabled=true, invalidHostNameAllowed=false, context=null}, applicationName='Cluster0', compressorList=[], uuidRepresentation=JAVA_LEGACY, serverApi=null, autoEncryptionSettings=null, dnsClient=null, inetAddressResolver=null, contextProvider=null}
2024-06-18T22:04:19.719+05:30  INFO 11376 --- [Todo-Application] [sy0.mongodb.net] org.mongodb.driver.cluster               : Adding discovered server ac-5d6wl9s-shard-00-01.pljqsy0.mongodb.net:27017 to client view of cluster
2024-06-18T22:04:19.767+05:30  INFO 11376 --- [Todo-Application] [sy0.mongodb.net] org.mongodb.driver.cluster               : Adding discovered server ac-5d6wl9s-shard-00-02.pljqsy0.mongodb.net:27017 to client view of cluster
2024-06-18T22:04:19.771+05:30  INFO 11376 --- [Todo-Application] [sy0.mongodb.net] org.mongodb.driver.cluster               : Adding discovered server ac-5d6wl9s-shard-00-00.pljqsy0.mongodb.net:27017 to client view of cluster
2024-06-18T22:04:20.052+05:30  INFO 11376 --- [Todo-Application] [           main] com.jdbc.TodoApplicationTests            : Started TodoApplicationTests in 3.501 seconds (process running for 5.224)
2024-06-18T22:04:21.780+05:30  INFO 11376 --- [Todo-Application] [ngodb.net:27017] org.mongodb.driver.cluster               : Monitor thread successfully connected to server with description ServerDescription{address=ac-5d6wl9s-shard-00-01.pljqsy0.mongodb.net:27017, type=REPLICA_SET_SECONDARY, state=CONNECTED, ok=true, minWireVersion=0, maxWireVersion=21, maxDocumentSize=16777216, logicalSessionTimeoutMinutes=30, roundTripTimeNanos=605007000, setName='atlas-fer2en-shard-0', canonicalAddress=ac-5d6wl9s-shard-00-01.pljqsy0.mongodb.net:27017, hosts=[ac-5d6wl9s-shard-00-01.pljqsy0.mongodb.net:27017, ac-5d6wl9s-shard-00-00.pljqsy0.mongodb.net:27017, ac-5d6wl9s-shard-00-02.pljqsy0.mongodb.net:27017], passives=[], arbiters=[], primary='ac-5d6wl9s-shard-00-02.pljqsy0.mongodb.net:27017', tagSet=TagSet{[Tag{name='availabilityZone', value='aps1-az3'}, Tag{name='diskState', value='READY'}, Tag{name='nodeType', value='ELECTABLE'}, Tag{name='provider', value='AWS'}, Tag{name='region', value='AP_SOUTH_1'}, Tag{name='workloadType', value='OPERATIONAL'}]}, electionId=null, setVersion=44, topologyVersion=TopologyVersion{processId=6671281a12849cbcd16ed5d0, counter=5}, lastWriteDate=Tue Jun 18 22:04:22 IST 2024, lastUpdateTimeNanos=1594128968550000}
]]></system-out>
  </testcase>
</testsuite>